<?xml version="1.0" encoding="UTF-8"?>
<!-- Generated by org.testng.reporters.JUnitXMLReporter -->
<testsuite ignored="0" hostname="Prasath17" failures="1" tests="4" name="Basic work flow Test" time="36.492" errors="0" timestamp="15 Jul 2024 10:34:36 GMT">
  <testcase classname="prasath.Testcase.BasicflowTest" name="login" time="0.304"/>
  <testcase classname="prasath.Testcase.BasicflowTest" name="addProductToCart" time="2.424"/>
  <testcase classname="prasath.Testcase.BasicflowTest" name="verifyProductInCart" time="10.513"/>
  <testcase classname="prasath.Testcase.BasicflowTest" name="completePurchase" time="10.411">
    <failure type="java.lang.AssertionError" message="Desired product not found: ZARA COAT 3 expected object to not be null">
      <![CDATA[java.lang.AssertionError: Desired product not found: ZARA COAT 3 expected object to not be null
at prasath.Testcase.BasicflowTest.completePurchase(BasicflowTest.java:82)
at java.base/java.util.concurrent.FutureTask.run(FutureTask.java:264)
at java.base/java.util.concurrent.ThreadPoolExecutor.runWorker(ThreadPoolExecutor.java:1136)
at java.base/java.util.concurrent.ThreadPoolExecutor$Worker.run(ThreadPoolExecutor.java:635)
at java.base/java.lang.Thread.run(Thread.java:833)
... Removed 18 stack frames]]>
    </failure>
  </testcase> <!-- completePurchase -->
</testsuite> <!-- Basic work flow Test -->
