<?xml version="1.0" encoding="UTF-8"?>
<!-- Generated by org.testng.reporters.JUnitXMLReporter -->
<testsuite ignored="0" hostname="Prasath17" failures="1" tests="4" name="Test" time="34.959" errors="0" timestamp="15 Jul 2024 10:29:56 GMT">
  <testcase classname="prasath.Testcase.BasicflowTest" name="login" time="0.224"/>
  <testcase classname="prasath.Testcase.BasicflowTest" name="addProductToCart" time="0.595"/>
  <testcase classname="prasath.Testcase.BasicflowTest" name="verifyProductInCart" time="10.447"/>
  <testcase classname="prasath.Testcase.BasicflowTest" name="completePurchase" time="10.481">
    <failure type="java.lang.AssertionError" message="Desired product not found: ZARA COAT 3 expected object to not be null">
      <![CDATA[java.lang.AssertionError: Desired product not found: ZARA COAT 3 expected object to not be null
at prasath.Testcase.BasicflowTest.completePurchase(BasicflowTest.java:82)
... Removed 27 stack frames]]>
    </failure>
  </testcase> <!-- completePurchase -->
</testsuite> <!-- Test -->
